[2022-07-14 09:01:27] Error message: Page not found | File: D:\zapaDEV\zapadev.education.wfms.framework\vendor\zpdevfrw\Router.php | String: 72 
===============
[2022-07-14 09:10:25] Error message: Page not found | File: D:\zapaDEV\zapadev.education.wfms.framework\vendor\zpdevfrw\Router.php | String: 72 
===============
[2022-07-14 09:10:25] Error message: Page not found | File: D:\zapaDEV\zapadev.education.wfms.framework\vendor\zpdevfrw\Router.php | String: 72 
===============
[2022-07-14 09:10:25] Error message: Page not found | File: D:\zapaDEV\zapadev.education.wfms.framework\vendor\zpdevfrw\Router.php | String: 72 
===============
[2022-07-14 09:10:25] Error message: Page not found | File: D:\zapaDEV\zapadev.education.wfms.framework\vendor\zpdevfrw\Router.php | String: 72 
===============
[2022-07-14 09:10:25] Error message: Page not found | File: D:\zapaDEV\zapadev.education.wfms.framework\vendor\zpdevfrw\Router.php | String: 72 
===============
[2022-07-14 09:10:25] Error message: Page not found | File: D:\zapaDEV\zapadev.education.wfms.framework\vendor\zpdevfrw\Router.php | String: 72 
===============
[2022-07-14 09:10:25] Error message: Page not found | File: D:\zapaDEV\zapadev.education.wfms.framework\vendor\zpdevfrw\Router.php | String: 72 
===============
[2022-07-14 09:10:25] Error message: Page not found | File: D:\zapaDEV\zapadev.education.wfms.framework\vendor\zpdevfrw\Router.php | String: 72 
===============
[2022-07-14 09:10:25] Error message: Page not found | File: D:\zapaDEV\zapadev.education.wfms.framework\vendor\zpdevfrw\Router.php | String: 72 
===============
[2022-07-14 09:10:25] Error message: Page not found | File: D:\zapaDEV\zapadev.education.wfms.framework\vendor\zpdevfrw\Router.php | String: 72 
===============
[2022-07-14 09:10:25] Error message: Page not found | File: D:\zapaDEV\zapadev.education.wfms.framework\vendor\zpdevfrw\Router.php | String: 72 
===============
[2022-07-14 09:10:25] Error message: Page not found | File: D:\zapaDEV\zapadev.education.wfms.framework\vendor\zpdevfrw\Router.php | String: 72 
===============
[2022-07-14 09:10:25] Error message: Page not found | File: D:\zapaDEV\zapadev.education.wfms.framework\vendor\zpdevfrw\Router.php | String: 72 
===============
[2022-07-14 09:10:25] Error message: Page not found | File: D:\zapaDEV\zapadev.education.wfms.framework\vendor\zpdevfrw\Router.php | String: 72 
===============
[2022-07-14 09:12:11] Error message: Page not found | File: D:\zapaDEV\zapadev.education.wfms.framework\vendor\zpdevfrw\Router.php | String: 72 
===============
[2022-07-14 09:12:11] Error message: Page not found | File: D:\zapaDEV\zapadev.education.wfms.framework\vendor\zpdevfrw\Router.php | String: 72 
===============
[2022-07-14 09:12:11] Error message: Page not found | File: D:\zapaDEV\zapadev.education.wfms.framework\vendor\zpdevfrw\Router.php | String: 72 
===============
[2022-07-14 09:12:11] Error message: Page not found | File: D:\zapaDEV\zapadev.education.wfms.framework\vendor\zpdevfrw\Router.php | String: 72 
===============
[2022-07-14 09:12:11] Error message: Page not found | File: D:\zapaDEV\zapadev.education.wfms.framework\vendor\zpdevfrw\Router.php | String: 72 
===============
[2022-07-14 09:12:11] Error message: Page not found | File: D:\zapaDEV\zapadev.education.wfms.framework\vendor\zpdevfrw\Router.php | String: 72 
===============
[2022-07-14 09:12:11] Error message: Page not found | File: D:\zapaDEV\zapadev.education.wfms.framework\vendor\zpdevfrw\Router.php | String: 72 
===============
[2022-07-14 09:12:11] Error message: Page not found | File: D:\zapaDEV\zapadev.education.wfms.framework\vendor\zpdevfrw\Router.php | String: 72 
===============
[2022-07-14 09:12:11] Error message: Page not found | File: D:\zapaDEV\zapadev.education.wfms.framework\vendor\zpdevfrw\Router.php | String: 72 
===============
[2022-07-14 09:12:11] Error message: Page not found | File: D:\zapaDEV\zapadev.education.wfms.framework\vendor\zpdevfrw\Router.php | String: 72 
===============
[2022-07-14 09:12:11] Error message: Page not found | File: D:\zapaDEV\zapadev.education.wfms.framework\vendor\zpdevfrw\Router.php | String: 72 
===============
[2022-07-14 09:12:11] Error message: Page not found | File: D:\zapaDEV\zapadev.education.wfms.framework\vendor\zpdevfrw\Router.php | String: 72 
===============
[2022-07-14 09:12:11] Error message: Page not found | File: D:\zapaDEV\zapadev.education.wfms.framework\vendor\zpdevfrw\Router.php | String: 72 
===============
[2022-07-14 09:12:11] Error message: Page not found | File: D:\zapaDEV\zapadev.education.wfms.framework\vendor\zpdevfrw\Router.php | String: 72 
===============
[2022-07-14 09:14:47] Error message: Page not found | File: D:\zapaDEV\zapadev.education.wfms.framework\vendor\zpdevfrw\Router.php | String: 72 
===============
[2022-07-14 09:14:47] Error message: Page not found | File: D:\zapaDEV\zapadev.education.wfms.framework\vendor\zpdevfrw\Router.php | String: 72 
===============
[2022-07-14 09:14:47] Error message: Page not found | File: D:\zapaDEV\zapadev.education.wfms.framework\vendor\zpdevfrw\Router.php | String: 72 
===============
[2022-07-14 09:14:47] Error message: Page not found | File: D:\zapaDEV\zapadev.education.wfms.framework\vendor\zpdevfrw\Router.php | String: 72 
===============
[2022-07-14 09:14:47] Error message: Page not found | File: D:\zapaDEV\zapadev.education.wfms.framework\vendor\zpdevfrw\Router.php | String: 72 
===============
[2022-07-14 09:14:47] Error message: Page not found | File: D:\zapaDEV\zapadev.education.wfms.framework\vendor\zpdevfrw\Router.php | String: 72 
===============
[2022-07-14 09:14:47] Error message: Page not found | File: D:\zapaDEV\zapadev.education.wfms.framework\vendor\zpdevfrw\Router.php | String: 72 
===============
[2022-07-14 09:14:47] Error message: Page not found | File: D:\zapaDEV\zapadev.education.wfms.framework\vendor\zpdevfrw\Router.php | String: 72 
===============
[2022-07-14 09:14:47] Error message: Page not found | File: D:\zapaDEV\zapadev.education.wfms.framework\vendor\zpdevfrw\Router.php | String: 72 
===============
[2022-07-14 09:14:47] Error message: Page not found | File: D:\zapaDEV\zapadev.education.wfms.framework\vendor\zpdevfrw\Router.php | String: 72 
===============
[2022-07-14 09:14:47] Error message: Page not found | File: D:\zapaDEV\zapadev.education.wfms.framework\vendor\zpdevfrw\Router.php | String: 72 
===============
[2022-07-14 09:14:47] Error message: Page not found | File: D:\zapaDEV\zapadev.education.wfms.framework\vendor\zpdevfrw\Router.php | String: 72 
===============
[2022-07-14 09:14:47] Error message: Page not found | File: D:\zapaDEV\zapadev.education.wfms.framework\vendor\zpdevfrw\Router.php | String: 72 
===============
[2022-07-14 09:14:48] Error message: Page not found | File: D:\zapaDEV\zapadev.education.wfms.framework\vendor\zpdevfrw\Router.php | String: 72 
===============
[2022-07-14 09:14:48] Error message: Page not found | File: D:\zapaDEV\zapadev.education.wfms.framework\vendor\zpdevfrw\Router.php | String: 72 
===============
[2022-07-14 09:14:48] Error message: Page not found | File: D:\zapaDEV\zapadev.education.wfms.framework\vendor\zpdevfrw\Router.php | String: 72 
===============
[2022-07-14 09:14:48] Error message: Page not found | File: D:\zapaDEV\zapadev.education.wfms.framework\vendor\zpdevfrw\Router.php | String: 72 
===============
[2022-07-14 09:15:46] Error message: Page not found | File: D:\zapaDEV\zapadev.education.wfms.framework\vendor\zpdevfrw\Router.php | String: 72 
===============
[2022-07-14 09:15:46] Error message: Page not found | File: D:\zapaDEV\zapadev.education.wfms.framework\vendor\zpdevfrw\Router.php | String: 72 
===============
[2022-07-14 09:15:46] Error message: Page not found | File: D:\zapaDEV\zapadev.education.wfms.framework\vendor\zpdevfrw\Router.php | String: 72 
===============
[2022-07-14 09:15:46] Error message: Page not found | File: D:\zapaDEV\zapadev.education.wfms.framework\vendor\zpdevfrw\Router.php | String: 72 
===============
[2022-07-14 09:15:46] Error message: Page not found | File: D:\zapaDEV\zapadev.education.wfms.framework\vendor\zpdevfrw\Router.php | String: 72 
===============
[2022-07-14 09:15:46] Error message: Page not found | File: D:\zapaDEV\zapadev.education.wfms.framework\vendor\zpdevfrw\Router.php | String: 72 
===============
[2022-07-14 09:15:46] Error message: Page not found | File: D:\zapaDEV\zapadev.education.wfms.framework\vendor\zpdevfrw\Router.php | String: 72 
===============
[2022-07-14 09:15:46] Error message: Page not found | File: D:\zapaDEV\zapadev.education.wfms.framework\vendor\zpdevfrw\Router.php | String: 72 
===============
[2022-07-14 09:15:46] Error message: Page not found | File: D:\zapaDEV\zapadev.education.wfms.framework\vendor\zpdevfrw\Router.php | String: 72 
===============
[2022-07-14 09:15:46] Error message: Page not found | File: D:\zapaDEV\zapadev.education.wfms.framework\vendor\zpdevfrw\Router.php | String: 72 
===============
[2022-07-14 09:15:46] Error message: Page not found | File: D:\zapaDEV\zapadev.education.wfms.framework\vendor\zpdevfrw\Router.php | String: 72 
===============
[2022-07-14 09:15:46] Error message: Page not found | File: D:\zapaDEV\zapadev.education.wfms.framework\vendor\zpdevfrw\Router.php | String: 72 
===============
[2022-07-14 09:15:46] Error message: Page not found | File: D:\zapaDEV\zapadev.education.wfms.framework\vendor\zpdevfrw\Router.php | String: 72 
===============
[2022-07-14 09:15:46] Error message: Page not found | File: D:\zapaDEV\zapadev.education.wfms.framework\vendor\zpdevfrw\Router.php | String: 72 
===============
[2022-07-14 09:15:46] Error message: Page not found | File: D:\zapaDEV\zapadev.education.wfms.framework\vendor\zpdevfrw\Router.php | String: 72 
===============
[2022-07-14 09:15:46] Error message: Page not found | File: D:\zapaDEV\zapadev.education.wfms.framework\vendor\zpdevfrw\Router.php | String: 72 
===============
[2022-07-14 09:15:46] Error message: Page not found | File: D:\zapaDEV\zapadev.education.wfms.framework\vendor\zpdevfrw\Router.php | String: 72 
===============
[2022-07-14 09:16:01] Error message: Page not found | File: D:\zapaDEV\zapadev.education.wfms.framework\vendor\zpdevfrw\Router.php | String: 72 
===============
[2022-07-14 09:16:01] Error message: Page not found | File: D:\zapaDEV\zapadev.education.wfms.framework\vendor\zpdevfrw\Router.php | String: 72 
===============
[2022-07-14 09:16:01] Error message: Page not found | File: D:\zapaDEV\zapadev.education.wfms.framework\vendor\zpdevfrw\Router.php | String: 72 
===============
[2022-07-14 09:16:01] Error message: Page not found | File: D:\zapaDEV\zapadev.education.wfms.framework\vendor\zpdevfrw\Router.php | String: 72 
===============
[2022-07-14 09:16:01] Error message: Page not found | File: D:\zapaDEV\zapadev.education.wfms.framework\vendor\zpdevfrw\Router.php | String: 72 
===============
[2022-07-14 09:16:01] Error message: Page not found | File: D:\zapaDEV\zapadev.education.wfms.framework\vendor\zpdevfrw\Router.php | String: 72 
===============
[2022-07-14 09:16:01] Error message: Page not found | File: D:\zapaDEV\zapadev.education.wfms.framework\vendor\zpdevfrw\Router.php | String: 72 
===============
[2022-07-14 09:16:02] Error message: Page not found | File: D:\zapaDEV\zapadev.education.wfms.framework\vendor\zpdevfrw\Router.php | String: 72 
===============
[2022-07-14 09:16:02] Error message: Page not found | File: D:\zapaDEV\zapadev.education.wfms.framework\vendor\zpdevfrw\Router.php | String: 72 
===============
[2022-07-14 09:16:02] Error message: Page not found | File: D:\zapaDEV\zapadev.education.wfms.framework\vendor\zpdevfrw\Router.php | String: 72 
===============
[2022-07-14 09:16:02] Error message: Page not found | File: D:\zapaDEV\zapadev.education.wfms.framework\vendor\zpdevfrw\Router.php | String: 72 
===============
[2022-07-14 09:16:02] Error message: Page not found | File: D:\zapaDEV\zapadev.education.wfms.framework\vendor\zpdevfrw\Router.php | String: 72 
===============
[2022-07-14 09:16:02] Error message: Page not found | File: D:\zapaDEV\zapadev.education.wfms.framework\vendor\zpdevfrw\Router.php | String: 72 
===============
[2022-07-14 09:16:02] Error message: Page not found | File: D:\zapaDEV\zapadev.education.wfms.framework\vendor\zpdevfrw\Router.php | String: 72 
===============
[2022-07-14 09:16:02] Error message: Page not found | File: D:\zapaDEV\zapadev.education.wfms.framework\vendor\zpdevfrw\Router.php | String: 72 
===============
[2022-07-14 09:16:02] Error message: Page not found | File: D:\zapaDEV\zapadev.education.wfms.framework\vendor\zpdevfrw\Router.php | String: 72 
===============
[2022-07-14 09:16:02] Error message: Page not found | File: D:\zapaDEV\zapadev.education.wfms.framework\vendor\zpdevfrw\Router.php | String: 72 
===============
[2022-07-14 09:16:18] Error message: Page not found | File: D:\zapaDEV\zapadev.education.wfms.framework\vendor\zpdevfrw\Router.php | String: 72 
===============
[2022-07-14 09:16:18] Error message: Page not found | File: D:\zapaDEV\zapadev.education.wfms.framework\vendor\zpdevfrw\Router.php | String: 72 
===============
[2022-07-14 09:16:18] Error message: Page not found | File: D:\zapaDEV\zapadev.education.wfms.framework\vendor\zpdevfrw\Router.php | String: 72 
===============
[2022-07-14 09:16:18] Error message: Page not found | File: D:\zapaDEV\zapadev.education.wfms.framework\vendor\zpdevfrw\Router.php | String: 72 
===============
[2022-07-14 09:16:18] Error message: Page not found | File: D:\zapaDEV\zapadev.education.wfms.framework\vendor\zpdevfrw\Router.php | String: 72 
===============
[2022-07-14 09:16:18] Error message: Page not found | File: D:\zapaDEV\zapadev.education.wfms.framework\vendor\zpdevfrw\Router.php | String: 72 
===============
[2022-07-14 09:16:18] Error message: Page not found | File: D:\zapaDEV\zapadev.education.wfms.framework\vendor\zpdevfrw\Router.php | String: 72 
===============
[2022-07-14 09:16:18] Error message: Page not found | File: D:\zapaDEV\zapadev.education.wfms.framework\vendor\zpdevfrw\Router.php | String: 72 
===============
[2022-07-14 09:16:18] Error message: Page not found | File: D:\zapaDEV\zapadev.education.wfms.framework\vendor\zpdevfrw\Router.php | String: 72 
===============
[2022-07-14 09:16:18] Error message: Page not found | File: D:\zapaDEV\zapadev.education.wfms.framework\vendor\zpdevfrw\Router.php | String: 72 
===============
[2022-07-14 09:16:18] Error message: Page not found | File: D:\zapaDEV\zapadev.education.wfms.framework\vendor\zpdevfrw\Router.php | String: 72 
===============
[2022-07-14 09:16:18] Error message: Page not found | File: D:\zapaDEV\zapadev.education.wfms.framework\vendor\zpdevfrw\Router.php | String: 72 
===============
[2022-07-14 09:16:18] Error message: Page not found | File: D:\zapaDEV\zapadev.education.wfms.framework\vendor\zpdevfrw\Router.php | String: 72 
===============
[2022-07-14 09:16:18] Error message: Page not found | File: D:\zapaDEV\zapadev.education.wfms.framework\vendor\zpdevfrw\Router.php | String: 72 
===============
[2022-07-14 09:16:18] Error message: Page not found | File: D:\zapaDEV\zapadev.education.wfms.framework\vendor\zpdevfrw\Router.php | String: 72 
===============
[2022-07-14 09:16:18] Error message: Page not found | File: D:\zapaDEV\zapadev.education.wfms.framework\vendor\zpdevfrw\Router.php | String: 72 
===============
[2022-07-14 09:16:18] Error message: Page not found | File: D:\zapaDEV\zapadev.education.wfms.framework\vendor\zpdevfrw\Router.php | String: 72 
===============
[2022-07-14 09:16:44] Error message: Page not found | File: D:\zapaDEV\zapadev.education.wfms.framework\vendor\zpdevfrw\Router.php | String: 72 
===============
[2022-07-14 09:16:44] Error message: Page not found | File: D:\zapaDEV\zapadev.education.wfms.framework\vendor\zpdevfrw\Router.php | String: 72 
===============
[2022-07-14 09:16:44] Error message: Page not found | File: D:\zapaDEV\zapadev.education.wfms.framework\vendor\zpdevfrw\Router.php | String: 72 
===============
[2022-07-14 09:16:44] Error message: Page not found | File: D:\zapaDEV\zapadev.education.wfms.framework\vendor\zpdevfrw\Router.php | String: 72 
===============
[2022-07-14 09:16:44] Error message: Page not found | File: D:\zapaDEV\zapadev.education.wfms.framework\vendor\zpdevfrw\Router.php | String: 72 
===============
[2022-07-14 09:16:44] Error message: Page not found | File: D:\zapaDEV\zapadev.education.wfms.framework\vendor\zpdevfrw\Router.php | String: 72 
===============
[2022-07-14 09:16:44] Error message: Page not found | File: D:\zapaDEV\zapadev.education.wfms.framework\vendor\zpdevfrw\Router.php | String: 72 
===============
[2022-07-14 09:16:44] Error message: Page not found | File: D:\zapaDEV\zapadev.education.wfms.framework\vendor\zpdevfrw\Router.php | String: 72 
===============
[2022-07-14 09:16:44] Error message: Page not found | File: D:\zapaDEV\zapadev.education.wfms.framework\vendor\zpdevfrw\Router.php | String: 72 
===============
[2022-07-14 09:16:44] Error message: Page not found | File: D:\zapaDEV\zapadev.education.wfms.framework\vendor\zpdevfrw\Router.php | String: 72 
===============
[2022-07-14 09:16:44] Error message: Page not found | File: D:\zapaDEV\zapadev.education.wfms.framework\vendor\zpdevfrw\Router.php | String: 72 
===============
[2022-07-14 09:16:44] Error message: Page not found | File: D:\zapaDEV\zapadev.education.wfms.framework\vendor\zpdevfrw\Router.php | String: 72 
===============
[2022-07-14 09:16:45] Error message: Page not found | File: D:\zapaDEV\zapadev.education.wfms.framework\vendor\zpdevfrw\Router.php | String: 72 
===============
[2022-07-14 09:16:45] Error message: Page not found | File: D:\zapaDEV\zapadev.education.wfms.framework\vendor\zpdevfrw\Router.php | String: 72 
===============
[2022-07-14 09:16:45] Error message: Page not found | File: D:\zapaDEV\zapadev.education.wfms.framework\vendor\zpdevfrw\Router.php | String: 72 
===============
[2022-07-14 09:17:27] Error message: Page not found | File: D:\zapaDEV\zapadev.education.wfms.framework\vendor\zpdevfrw\Router.php | String: 72 
===============
[2022-07-14 09:17:27] Error message: Page not found | File: D:\zapaDEV\zapadev.education.wfms.framework\vendor\zpdevfrw\Router.php | String: 72 
===============
[2022-07-14 09:17:27] Error message: Page not found | File: D:\zapaDEV\zapadev.education.wfms.framework\vendor\zpdevfrw\Router.php | String: 72 
===============
[2022-07-14 09:17:27] Error message: Page not found | File: D:\zapaDEV\zapadev.education.wfms.framework\vendor\zpdevfrw\Router.php | String: 72 
===============
[2022-07-14 09:17:27] Error message: Page not found | File: D:\zapaDEV\zapadev.education.wfms.framework\vendor\zpdevfrw\Router.php | String: 72 
===============
[2022-07-14 09:17:27] Error message: Page not found | File: D:\zapaDEV\zapadev.education.wfms.framework\vendor\zpdevfrw\Router.php | String: 72 
===============
[2022-07-14 09:17:27] Error message: Page not found | File: D:\zapaDEV\zapadev.education.wfms.framework\vendor\zpdevfrw\Router.php | String: 72 
===============
[2022-07-14 09:17:27] Error message: Page not found | File: D:\zapaDEV\zapadev.education.wfms.framework\vendor\zpdevfrw\Router.php | String: 72 
===============
[2022-07-14 09:17:27] Error message: Page not found | File: D:\zapaDEV\zapadev.education.wfms.framework\vendor\zpdevfrw\Router.php | String: 72 
===============
[2022-07-14 09:17:27] Error message: Page not found | File: D:\zapaDEV\zapadev.education.wfms.framework\vendor\zpdevfrw\Router.php | String: 72 
===============
[2022-07-14 09:17:27] Error message: Page not found | File: D:\zapaDEV\zapadev.education.wfms.framework\vendor\zpdevfrw\Router.php | String: 72 
===============
[2022-07-14 09:17:27] Error message: Page not found | File: D:\zapaDEV\zapadev.education.wfms.framework\vendor\zpdevfrw\Router.php | String: 72 
===============
[2022-07-14 09:17:27] Error message: Page not found | File: D:\zapaDEV\zapadev.education.wfms.framework\vendor\zpdevfrw\Router.php | String: 72 
===============
[2022-07-14 09:17:32] Error message: Page not found | File: D:\zapaDEV\zapadev.education.wfms.framework\vendor\zpdevfrw\Router.php | String: 72 
===============
[2022-07-14 09:17:32] Error message: Page not found | File: D:\zapaDEV\zapadev.education.wfms.framework\vendor\zpdevfrw\Router.php | String: 72 
===============
[2022-07-14 09:17:32] Error message: Page not found | File: D:\zapaDEV\zapadev.education.wfms.framework\vendor\zpdevfrw\Router.php | String: 72 
===============
[2022-07-14 09:17:32] Error message: Page not found | File: D:\zapaDEV\zapadev.education.wfms.framework\vendor\zpdevfrw\Router.php | String: 72 
===============
[2022-07-14 09:17:32] Error message: Page not found | File: D:\zapaDEV\zapadev.education.wfms.framework\vendor\zpdevfrw\Router.php | String: 72 
===============
[2022-07-14 09:17:32] Error message: Page not found | File: D:\zapaDEV\zapadev.education.wfms.framework\vendor\zpdevfrw\Router.php | String: 72 
===============
[2022-07-14 09:17:32] Error message: Page not found | File: D:\zapaDEV\zapadev.education.wfms.framework\vendor\zpdevfrw\Router.php | String: 72 
===============
[2022-07-14 09:17:32] Error message: Page not found | File: D:\zapaDEV\zapadev.education.wfms.framework\vendor\zpdevfrw\Router.php | String: 72 
===============
[2022-07-14 09:17:32] Error message: Page not found | File: D:\zapaDEV\zapadev.education.wfms.framework\vendor\zpdevfrw\Router.php | String: 72 
===============
[2022-07-14 09:17:32] Error message: Page not found | File: D:\zapaDEV\zapadev.education.wfms.framework\vendor\zpdevfrw\Router.php | String: 72 
===============
[2022-07-14 09:17:32] Error message: Page not found | File: D:\zapaDEV\zapadev.education.wfms.framework\vendor\zpdevfrw\Router.php | String: 72 
===============
[2022-07-14 09:24:35] Error message: Page not found | File: D:\zapaDEV\zapadev.education.wfms.framework\vendor\zpdevfrw\Router.php | String: 72 
===============
[2022-07-14 09:30:18] Error message: Page not found | File: D:\zapaDEV\zapadev.education.wfms.framework\vendor\zpdevfrw\Router.php | String: 72 
===============
[2022-07-14 10:06:41] Error message: Undefined array key "title" | File: D:\zapaDEV\zapadev.education.wfms.framework\vendor\zpdevfrw\View.php | String: 50 
===============
[2022-07-14 10:12:21] Error message: Page not found | File: D:\zapaDEV\zapadev.education.wfms.framework\vendor\zpdevfrw\Router.php | String: 72 
===============
[2022-07-14 10:42:02] Error message: Undefined variable $products | File: D:\zapaDEV\zapadev.education.wfms.framework\app\views\Main\index.php | String: 47 
===============
[2022-07-14 10:42:02] Error message: Page not found | File: D:\zapaDEV\zapadev.education.wfms.framework\vendor\zpdevfrw\Router.php | String: 72 
===============
[2022-07-14 10:49:34] Error message: Undefined array key "excerpt" | File: D:\zapaDEV\zapadev.education.wfms.framework\app\views\Main\index.php | String: 56 
===============
[2022-07-14 21:45:55] Error message: Undefined array key "excerpt" | File: G:\zapaDEV\zapadev.education.wfms.framework\app\views\Main\index.php | String: 56 
===============
[2022-07-14 21:45:58] Error message: Page not found | File: G:\zapaDEV\zapadev.education.wfms.framework\vendor\zpdevfrw\Router.php | String: 72 
===============
[2022-07-14 21:46:01] Error message: Undefined array key "excerpt" | File: G:\zapaDEV\zapadev.education.wfms.framework\app\views\Main\index.php | String: 56 
===============
[2022-07-14 21:47:15] Error message: Page not found | File: G:\zapaDEV\zapadev.education.wfms.framework\vendor\zpdevfrw\Router.php | String: 72 
===============
[2022-07-14 21:47:15] Error message: Page not found | File: G:\zapaDEV\zapadev.education.wfms.framework\vendor\zpdevfrw\Router.php | String: 72 
===============
[2022-07-14 21:47:18] Error message: Page not found | File: G:\zapaDEV\zapadev.education.wfms.framework\vendor\zpdevfrw\Router.php | String: 72 
===============
[2022-07-14 22:48:56] Error message: Page not found | File: G:\zapaDEV\zapadev.education.wfms.framework\vendor\zpdevfrw\Router.php | String: 72 
===============
